1661169277052:saveAlbum test testy
1661169291325:saveAlbum test
1661169303731:save-album test testy
1661170581642:save-album test test2
1661170700147:find-all
1661170755934:get-all
1661171354890:save-album
1661171510160:get-album-by-name name
1661171519807:find-album-by-name name
1661171554930:save-album
1661171561405:find-album-by-name name
1661171650483:save-albun
1661171654445:save-album
1661171660364:get-album-by-name name
1661171666744:find-album-by-name
1661171677499:find-album-by-name name
1661171754211:save-album
1661171760242:find-album-by-name name
1661171943741:save-album
1661171951078:find-album-by-name
1661171959421:find-album-by-name name
1661172556934:save-album
1661172588934:remove-all-albums
1661174757249:save-album
1661174763934:get-album-by-name name
1661174772798:find-album-by-name name
1661175020081:save-album
1661175620316:save-album-test
1661175626024:find-all-albums
1661175640753:get-album-by-name name
1661175665595:save-album-test
1661175789683:find-album-by-name name
1661175824567:find-all-albums
1661175943419:save-album-test
1661175948354:find-all-albums
1661266069402:save-album
1661266076779:savealbum
1661266103872:save-album-test
1661277244631:find-album-by-name name
1661280401935:save-album-test
